Loading slurm
  Loading requirement: cuda-11.6 gcc-8.5.0/hwloc-2.6.0 gcc-8.5.0/pmix-3.2.3
    gcc-8.5.0/ucx-1.12.0
1	4	1.73803e-05	0.00883827
2	3	5.30109e-06	0.006797
3	14	9.13767e-06	0.00414124
4	10	7.5791e-06	0.00135685
5	42	2.4382e-05	9.70592e-05
6	78	9.86597e-06	3.0213e-05
7	184	3.10102e-05	5.87162e-05
8	385	1.61831e-05	6.31632e-05
9	795	7.42981e-05	0.000140497
10	1570	2.38148e-05	0.000118555
11	3208	0.000197293	0.000426361
12	6411	4.20092e-05	0.000480888
13	13741	0.000640964	0.00164308
14	29200	4.94518e-05	0.00209371
15	60864	0.00227392	0.00687854
16	126080	6.65388e-05	0.0106226
17	263060	0.00809158	0.0324078
18	545025	9.31853e-05	0.0479602
19	1137646	0.026676	0.141479
20	2371769	0.000115833	0.245991
21	4946854	0.118067	0.729475
22	10296601	0.000172054	1.80403
23	21454503	0.486899	4.40625
24	44678532	0.000175962	11.8943
25	93110027	1.74212	25.7602
26	193971630	0.000238921	62.1055
27	404103162	6.83635	132.008
28	841843065	0.000241671	388.851
29	1753948967	27.3235	797.827
30	3653927956	0.000289636	2044.94
31	7612395846	108.796	3793.78
