Loading slurm
  Loading requirement: cuda-11.6 gcc-8.5.0/hwloc-2.6.0 gcc-8.5.0/pmix-3.2.3
    gcc-8.5.0/ucx-1.12.0
1	5	1.77412e-05	0.00934074
2	4	5.39608e-06	0.00672478
3	8	1.15009e-05	0.0085032
4	20	1.32853e-05	0.00416198
5	27	2.59732e-05	0.00877008
6	55	2.80067e-05	0.00830874
7	109	6.67749e-05	0.00423505
8	188	4.29996e-05	0.00421973
9	364	0.000134551	0.00745319
10	653	7.93762e-05	0.0115141
11	1095	0.000342261	0.00482348
12	2076	0.000131824	0.0050309
13	3866	0.000896166	0.00577977
14	7373	0.0001953	0.0032451
15	14622	0.00268333	0.00713816
16	27972	0.000291223	0.0103576
17	53201	0.0090785	0.0324886
18	103132	0.000385215	0.0441962
19	203051	0.0300481	0.137269
20	398775	0.000569339	0.238642
21	774024	0.129895	0.695928
22	1506714	0.000914449	1.57392
23	2915442	0.518362	3.98068
24	5658200	0.00392313	11.0068
25	10999574	2.00396	26.463
26	21369791	0.00184318	80.8219
27	41626279	7.99256	152.737
28	81172184	0.00225496	401.889
29	158009860	30.3887	747.047
30	307539610	0.00358356	1929.63
31	598683507	118.925	3443.99
