Loading slurm
  Loading requirement: cuda-11.6 gcc-8.5.0/hwloc-2.6.0 gcc-8.5.0/pmix-3.2.3
    gcc-8.5.0/ucx-1.12.0
1	10	7.85524e-06	0.00938071
2	5	1.1561e-05	0.000406477
3	33	4.28311e-05	9.81521e-05
4	63	6.49388e-05	0.000118945
5	224	0.000216568	0.000354137
6	645	0.000283728	0.000655519
7	2000	0.00103077	0.00243596
8	5411	0.00101895	0.00580005
9	16532	0.00597734	0.0306034
10	45464	0.00310946	0.0789604
11	135967	0.0330361	0.482718
12	393596	0.00844761	1.361
13	1161371	0.289435	8.50475
14	3406099	0.0184032	27.2501
15	10012223	2.93892	148.563
16	29355933	0.0442343	832.04
17	86022519	27.8093	3353.72
18	251993074	0.112585	16833.9
19	737799286	272.113	79984.2
