Loading slurm
  Loading requirement: cuda-11.6 gcc-8.5.0/hwloc-2.6.0 gcc-8.5.0/pmix-3.2.3
    gcc-8.5.0/ucx-1.12.0
1	8	2.18083e-05	0.0125417
2	5	1.06059e-05	0.00712501
3	18	2.86791e-05	0.00788287
4	33	3.6058e-05	0.00792773
5	107	0.000113404	0.00802893
6	191	0.000131794	0.00815519
7	518	0.000417976	0.00820613
8	914	0.000391066	0.00845217
9	1959	0.00158384	0.0100992
10	4903	0.000949603	0.0128835
11	11129	0.00682551	0.032078
12	22161	0.00204539	0.0609367
13	50391	0.0305614	0.2389
14	116777	0.00417205	0.472771
15	261725	0.201085	2.08072
16	578324	0.00744862	5.55786
17	1276433	1.46158	20.5594
18	2851060	0.0123271	83.8797
19	6310957	10.2452	243.037
20	13886129	0.0249716	959.933
21	30753950	67.2643	3233.6
22	68293912	0.0452878	12795.8
23	151573306	380.349	31865.8
