Loading slurm
  Loading requirement: cuda-11.6 gcc-8.5.0/hwloc-2.6.0 gcc-8.5.0/pmix-3.2.3
    gcc-8.5.0/ucx-1.12.0
1	9	2.9081e-05	0.0141072
2	5	1.82451e-05	0.00452105
3	20	9.48762e-05	0.00813939
4	40	0.00029479	0.00754216
5	117	0.000148864	0.00765084
6	285	0.00166713	0.00758656
7	747	0.00057797	0.00804242
8	1951	0.00920571	0.0162978
9	5229	0.00269756	0.0149551
10	13493	0.0629347	0.132827
11	35009	0.0112546	0.160928
12	91792	0.487242	1.62248
13	239791	0.0670164	2.18323
14	628412	0.191216	0.689321
15	1643144	0.495223	2.31639
16	4314987	0.296973	6.18484
17	11319722	4.12764	21.3855
18	29713692	1.33581	71.0588
19	78042616	31.5479	233.371
20	204939760	8.77944	996.762
21	538453205	321.163	3436.61
22	1414773364	69.0908	10735.9
