Loading slurm
  Loading requirement: cuda-11.6 gcc-8.5.0/hwloc-2.6.0 gcc-8.5.0/pmix-3.2.3
    gcc-8.5.0/ucx-1.12.0
1	7	7.20099e-06	0.00891068
2	4	1.0001e-05	0.00841265
3	15	3.4478e-05	0.00762283
4	9	3.37069e-05	0.00800816
5	38	8.28956e-05	0.00745982
6	49	9.85623e-05	0.0074917
7	78	0.00025781	0.00766866
8	163	0.000243464	0.00779917
9	294	0.000763344	0.00808381
10	376	0.000540214	0.00919645
11	631	0.00253627	0.011471
12	1246	0.00107352	0.0122068
13	1966	0.00852561	0.0319011
14	3408	0.0020536	0.049423
15	6038	0.0311268	0.17193
16	8291	0.00325555	0.304845
17	13470	0.135097	1.06629
18	28419	0.00587405	2.31274
19	46596	0.6549	6.93931
20	71497	0.00799823	20.3562
21	126490	3.87026	48.1907
22	198722	0.0139366	235.662
23	320763	17.2262	467.198
24	603722	0.0208534	1649.31
25	1015093	72.1915	3020.2
26	1585495	0.0452423	9714.38
27	2717026	326.834	18538.8
