Loading slurm
  Loading requirement: cuda-11.6 gcc-8.5.0/hwloc-2.6.0 gcc-8.5.0/pmix-3.2.3
    gcc-8.5.0/ucx-1.12.0
1	2	2.81306e-06	0.00900158
2	2	1.62004e-06	0.0076424
3	4	5.90878e-06	0.0043621
4	6	1.55764e-06	0.00776209
5	9	4.11412e-06	0.0087334
6	10	2.36696e-06	0.00442499
7	14	4.87594e-06	0.00432694
8	33	2.54624e-06	0.00443834
9	46	9.54932e-06	0.00737344
10	43	2.75206e-06	0.00836228
11	72	3.61959e-05	0.00422673
12	171	4.40609e-06	5.28502e-05
13	211	2.16481e-05	9.20352e-05
14	252	2.96393e-06	3.35909e-05
15	428	1.77459e-05	4.93e-05
16	728	3.46033e-06	3.53842e-05
17	986	2.76612e-05	8.10903e-05
18	1400	3.57069e-06	5.21997e-05
19	2214	4.63082e-05	0.000105731
20	3450	3.78722e-06	7.66478e-05
21	5007	9.68259e-05	0.00019712
22	7370	4.49084e-06	0.000138534
23	11234	0.000173013	0.00038262
24	16981	5.44498e-06	0.000279289
25	25324	0.000331582	0.000717657
26	37716	5.56465e-06	0.0014286
27	56757	0.000694533	0.00163906
28	85493	5.63497e-06	0.00219051
29	127774	0.00129639	0.00294449
30	191665	6.85407e-06	0.00384364
31	287481	0.00242263	0.00561528
32	431622	6.02379e-06	0.00581511
33	646816	0.0050638	0.0107265
34	970475	7.49296e-06	0.0122417
35	1455724	0.00870212	0.0192065
36	2183782	1.14031e-05	0.0251014
37	3275092	0.0148481	0.0405087
38	4914274	1.18539e-05	0.0578269
39	7371941	0.0312388	0.0977341
40	11057697	1.27647e-05	0.11677
41	16586242	0.06224	0.273009
42	24880345	1.51857e-05	0.388871
43	37318948	0.120864	0.625404
44	55979205	2.62279e-05	0.873793
45	83963507	0.245243	1.31213
46	125950398	1.3886e-05	1.80099
47	188921345	0.479029	2.70089
48	283385733	1.76611e-05	3.73994
49	425085179	0.945515	5.90079
50	637608602	1.6192e-05	7.56752
51	956428288	1.89357	11.8963
52	1434628060	1.7453e-05	15.695
53	2152013870	3.88949	23.7075
54	3227959147	2.43229e-05	32.0739
55	4841970543	7.54329	48.3025
56	7262855061	1.75349e-05	65.8293
57	10894279904	16.9171	109.213
58	16341567376	2.04993e-05	157.549
59	24512322843	33.976	219.663
