Loading slurm
  Loading requirement: cuda-11.6 gcc-8.5.0/hwloc-2.6.0 gcc-8.5.0/pmix-3.2.3
    gcc-8.5.0/ucx-1.12.0
1	3	4.20492e-06	0.00905305
2	2	1.51712e-06	0.0076996
3	4	4.49596e-06	0.00779405
4	7	2.87918e-06	0.00743684
5	6	1.13291e-05	4.77559e-05
6	8	4.88199e-06	0.000143905
7	16	1.19838e-05	5.64586e-05
8	18	8.4443e-06	4.47161e-05
9	22	2.39937e-05	7.23707e-05
10	36	9.65968e-06	3.26349e-05
11	38	3.694e-05	9.70801e-05
12	53	1.54478e-05	4.8385e-05
13	77	5.84521e-05	9.37488e-05
14	96	1.81468e-05	6.79921e-05
15	129	9.70261e-05	0.000155516
16	177	2.2843e-05	0.000116958
17	237	0.000169715	0.000299289
18	317	2.79872e-05	0.000209067
19	425	0.000318172	0.000573749
20	558	3.7278e-05	0.0011059
21	772	0.0007197	0.00126779
22	997	4.03677e-05	0.00123764
23	1305	0.00132859	0.00241826
24	1817	4.64269e-05	0.00284724
25	2305	0.00272888	0.0053245
26	3096	5.90086e-05	0.00510346
27	4164	0.00588411	0.0109972
28	5495	6.99116e-05	0.0112042
29	7402	0.0102197	0.0210863
30	9936	7.7852e-05	0.0195329
31	13013	0.020734	0.0444555
32	17308	8.89422e-05	0.0457252
33	23372	0.0429669	0.131656
34	31037	9.81027e-05	0.178519
35	41399	0.0837831	0.293375
36	55034	0.000107411	0.456004
37	73086	0.179863	0.713972
38	98142	0.00014383	1.10209
39	130591	0.413125	1.76763
40	173916	0.000145639	2.39644
41	232253	0.875066	3.90972
42	309102	0.000173555	5.38556
43	412940	1.80356	8.63339
44	549336	0.000182162	11.6574
45	733783	3.75789	18.6404
46	978893	0.000182486	25.2075
47	1305037	7.85509	41.4598
48	1738126	0.000185951	60.9586
49	2319219	16.3913	90.1189
50	3091664	0.00023061	121.452
51	4119790	34.8639	183.682
