Loading slurm
  Loading requirement: cuda-11.6 gcc-8.5.0/hwloc-2.6.0 gcc-8.5.0/pmix-3.2.3
    gcc-8.5.0/ucx-1.12.0
1	6	4.91692e-06	0.00914865
2	3	8.41822e-06	0.008688
3	23	5.92121e-05	0.00458178
4	29	1.41631e-05	0.00864938
5	96	9.89321e-05	0.00431188
6	203	3.85698e-05	0.0042361
7	533	0.000113178	0.00425847
8	1295	8.52691e-05	0.000322447
9	3299	0.000384392	0.00107913
10	7630	0.000156661	0.00176874
11	19130	0.00160214	0.00726682
12	43687	0.00024275	0.0139993
13	111255	0.00828824	0.0589633
14	276967	0.00041235	0.119319
15	690189	0.0423251	0.47102
16	1710625	0.000645584	1.05773
17	4124693	0.263574	4.19466
18	10097943	0.00117271	14.446
19	24765215	1.63543	43.178
20	60708268	0.00181724	171.297
21	148622249	11.2951	476.07
22	364176274	0.00298748	1542.53
23	894674969	65.0907	4509.48
24	2204890644	0.00498655	18051.7
25	5390633926	390.26	52939
